<< CAP LS
<< NICK octonaute
<< USER octonaute octonaute irc.dal.net :Octo
>> :nonstop.ix.me.dal.net NOTICE AUTH :*** Looking up your hostname...
>> :nonstop.ix.me.dal.net NOTICE AUTH :*** Checking Ident
>> :nonstop.ix.me.dal.net NOTICE AUTH :*** No Ident response
>> :nonstop.ix.me.dal.net NOTICE AUTH :*** Found your hostname
>> :nonstop.ix.me.dal.net 433 * octonaute :Nickname is already in use.
<< NICK octonaut1
>> :nonstop.ix.me.dal.net 001 octonaut1 :Welcome to the DALnet IRC Network octonaut1!~octonaute@246.155.67.37.rev.sfr.net
<< MODE octonaut1 +i
<< WHOIS octonaute
>> :nonstop.ix.me.dal.net 002 octonaut1 :Your host is nonstop.ix.me.dal.net, running version bahamut-2.2.3
>> :nonstop.ix.me.dal.net 003 octonaut1 :This server was created Thu Dec 7 2023 at 06:32:17 PM IST
>> :nonstop.ix.me.dal.net 004 octonaut1 nonstop.ix.me.dal.net bahamut-2.2.3 aAbcCdefFghHiIjkKmnoOPrRsSwxXy AbceiIjklLmMnoOpPrRsStv beIjklov
>> :nonstop.ix.me.dal.net 005 octonaut1 NETWORK=DALnet SAFELIST MAXBANS=200 MAXCHANNELS=20 CHANNELLEN=32 KICKLEN=307 NICKLEN=30 TOPICLEN=307 MODES=6 CHANTYPES=# CHANLIMIT=#:20 PREFIX=(ohv)@%+ STATUSMSG=@%+ :are available on this server
>> :nonstop.ix.me.dal.net 005 octonaut1 CASEMAPPING=ascii WATCH=128 SILENCE=10 ELIST=cmntu EXCEPTS INVEX CHANMODES=beI,k,jl,ciPAmMnOprRsSt MAXLIST=b:200,e:100,I:100 TARGMAX=DCCALLOW:,JOIN:,KICK:4,KILL:20,NOTICE:20,PART:,PRIVMSG:20,WHOIS:,WHOWAS: :are available on this server
>> :nonstop.ix.me.dal.net 251 octonaut1 :There are 70 users and 7304 invisible on 36 servers
>> :nonstop.ix.me.dal.net 252 octonaut1 73 :IRC Operators online
>> :nonstop.ix.me.dal.net 254 octonaut1 3586 :channels formed
>> :nonstop.ix.me.dal.net 255 octonaut1 :I have 80 clients and 1 servers
>> :nonstop.ix.me.dal.net 265 octonaut1 :Current local users: 80 Max: 404
>> :nonstop.ix.me.dal.net 266 octonaut1 :Current global users: 7374 Max: 8405
>> :nonstop.ix.me.dal.net NOTICE octonaut1 :*** Notice -- motd was last changed at 6/5/2023 1:47
>> :nonstop.ix.me.dal.net 375 octonaut1 :- nonstop.ix.me.dal.net Message of the Day - 
>> :nonstop.ix.me.dal.net 372 octonaut1 :-6/5/2023 1:47
>> :nonstop.ix.me.dal.net 372 octonaut1 :- You are now connected to nonstop.ix.me.dal.net, a member of the DALnet IRC Network!
>> :nonstop.ix.me.dal.net 372 octonaut1 :- 
>> :nonstop.ix.me.dal.net 372 octonaut1 :-     _|      _|    _|_|    _|      _|    _|_|_|  _|_|_|_|_|    _|_|    _|_|_|
>> :nonstop.ix.me.dal.net 372 octonaut1 :-     _|_|    _|  _|    _|  _|_|    _|  _|            _|      _|    _|  _|    _|
>> :nonstop.ix.me.dal.net 372 octonaut1 :-     _|  _|  _|  _|    _|  _|  _|  _|    _|_|        _|      _|    _|  _|_|_|
>> :nonstop.ix.me.dal.net 372 octonaut1 :-     _|    _|_|  _|    _|  _|    _|_|        _|      _|      _|    _|  _|
>> :nonstop.ix.me.dal.net 372 octonaut1 :-     _|      _|    _|_|    _|      _|  _|_|_|        _|        _|_|    _|
>> :nonstop.ix.me.dal.net 372 octonaut1 :- 
>> :nonstop.ix.me.dal.net 372 octonaut1 :- By connecting to this network, you agree to abide by its acceptable use policy,
>> :nonstop.ix.me.dal.net 372 octonaut1 :- available here: http://www.dal.net/aup
>> :nonstop.ix.me.dal.net 372 octonaut1 :- 
>> :nonstop.ix.me.dal.net 372 octonaut1 :- ********** Recommended help channels **********
>> :nonstop.ix.me.dal.net 372 octonaut1 :- * #Help     - for help with DALnet's Services *
>> :nonstop.ix.me.dal.net 372 octonaut1 :- * #OperHelp - for IRCop/CSop assistance       *
>> :nonstop.ix.me.dal.net 372 octonaut1 :- ***********************************************
>> :nonstop.ix.me.dal.net 372 octonaut1 :- 
>> :nonstop.ix.me.dal.net 372 octonaut1 :- This server is running a testing version of the latest Bahamut.
>> :nonstop.ix.me.dal.net 372 octonaut1 :- If you encourage any issues, please contact coders@dal.net
>> :nonstop.ix.me.dal.net 372 octonaut1 :- 
>> :nonstop.ix.me.dal.net 372 octonaut1 :- **************************** Note ****************************
>> :nonstop.ix.me.dal.net 372 octonaut1 :- * The use of this server is a privilege.                     *
>> :nonstop.ix.me.dal.net 372 octonaut1 :- * We reserve the right to deny access to this server without *
>> :nonstop.ix.me.dal.net 372 octonaut1 :- * any warning or explanation.                                *
>> :nonstop.ix.me.dal.net 372 octonaut1 :- **************************************************************
>> :nonstop.ix.me.dal.net 372 octonaut1 :- 
>> :nonstop.ix.me.dal.net 372 octonaut1 :- --- Thank you for choosing DALnet and have a nice chatting! ---
>> :nonstop.ix.me.dal.net 376 octonaut1 :End of /MOTD command.
>> :octonaut1 MODE octonaut1 :+iH
>> :nonstop.ix.me.dal.net 311 octonaut1 octonaute ~octonaute be2-9d81-913b-ca94-9430.67.37.ip * :Octo
--> nickfind event whois
>> :nonstop.ix.me.dal.net 312 octonaut1 octonaute bitcoin.uk.eu.dal.net :i like turtles
--> event empty
>> :nonstop.ix.me.dal.net 318 octonaut1 octonaute :End of /WHOIS list.
--> event empty
<< PING nonstop.ix.me.dal.net
>> :nonstop.ix.me.dal.net PONG nonstop.ix.me.dal.net :octonaut1
--> lag pong
<< NICK receiveR
>> :octonaut1!~octonaute@4167-6dc4-364b-1637-4273.rev.sfr.net NICK :receiveR
<< NICK receiver
>> :receiveR!~octonaute@4167-6dc4-364b-1637-4273.rev.sfr.net NICK :receiver
<< PING nonstop.ix.me.dal.net
>> :nonstop.ix.me.dal.net PONG nonstop.ix.me.dal.net :receiver
--> lag pong
>> :sender!~octonaute@be2-9d81-913b-ca94-9430.67.37.ip PRIVMSG receiver :testmessage
<< PING nonstop.ix.me.dal.net
>> :nonstop.ix.me.dal.net PONG nonstop.ix.me.dal.net :receiver
--> lag pong
<< PING nonstop.ix.me.dal.net
>> :nonstop.ix.me.dal.net PONG nonstop.ix.me.dal.net :receiver
--> lag pong
<< PING nonstop.ix.me.dal.net
>> :nonstop.ix.me.dal.net PONG nonstop.ix.me.dal.net :receiver
--> lag pong
<< PING nonstop.ix.me.dal.net
>> :nonstop.ix.me.dal.net PONG nonstop.ix.me.dal.net :receiver
--> lag pong
<< PING nonstop.ix.me.dal.net
>> :nonstop.ix.me.dal.net PONG nonstop.ix.me.dal.net :receiver
--> lag pong
<< PING nonstop.ix.me.dal.net
>> :nonstop.ix.me.dal.net PONG nonstop.ix.me.dal.net :receiver
--> lag pong
<< PING nonstop.ix.me.dal.net
>> :nonstop.ix.me.dal.net PONG nonstop.ix.me.dal.net :receiver
--> lag pong
<< PING nonstop.ix.me.dal.net
>> :nonstop.ix.me.dal.net PONG nonstop.ix.me.dal.net :receiver
--> lag pong
<< PING nonstop.ix.me.dal.net
>> :nonstop.ix.me.dal.net PONG nonstop.ix.me.dal.net :receiver
--> lag pong
<< PING nonstop.ix.me.dal.net
>> :nonstop.ix.me.dal.net PONG nonstop.ix.me.dal.net :receiver
--> lag pong
<< PING nonstop.ix.me.dal.net
>> :nonstop.ix.me.dal.net PONG nonstop.ix.me.dal.net :receiver
--> lag pong
<< QUIT :leaving
