
<< JOIN #channelTEST
>> :octonaut1!~octonaute@be2-9d81-913b-ca94-9430.67.37.ip JOIN :#channelTEST
>> :serenity.fl.us.dal.net 353 octonaut1 = #channelTEST :octonaut1 @octonaute 
>> :serenity.fl.us.dal.net 366 octonaut1 #channelTEST :End of /NAMES list.
<< MODE #channelTEST
>> :serenity.fl.us.dal.net 324 octonaut1 #channelTEST + 
--> chanquery mode
<< WHO #channelTEST
>> :serenity.fl.us.dal.net 329 octonaut1 #channelTEST 1715881302
--> event 329
>> :serenity.fl.us.dal.net 352 octonaut1 #channelTEST ~octonaute be2-9d81-913b-ca94-9430.67.37.ip serenity.fl.us.dal.net octonaut1 H :0 Octo
--> silent event who
>> :serenity.fl.us.dal.net 352 octonaut1 #channelTEST ~octonaute 4167-6dc4-364b-1637-4273.rev.sfr.net atw.hu.eu.dal.net octonaute H@ :3 Octo
--> silent event who
>> :serenity.fl.us.dal.net 315 octonaut1 #channelTEST :End of /WHO list.
--> chanquery who end
<< MODE #channelTEST b
>> :serenity.fl.us.dal.net 368 octonaut1 #channelTEST :End of Channel Ban List
--> chanquery ban end
>> :octonaute!~octonaute@4167-6dc4-364b-1637-4273.rev.sfr.net PRIVMSG #channelTEST :hi everyone
<< PRIVMSG #channelTEST :thank you for letting me join!
