<< CAP LS
<< NICK octonaute
<< USER octonaute octonaute irc.dal.net :Octo
>> :bitcoin.uk.eu.dal.net NOTICE AUTH :*** Looking up your hostname...
>> :bitcoin.uk.eu.dal.net NOTICE AUTH :*** Found your hostname
>> :bitcoin.uk.eu.dal.net 001 octonaute :Welcome to the DALnet IRC Network octonaute!~octonaute@37.67.155.246
<< MODE octonaute +i
>> :bitcoin.uk.eu.dal.net 002 octonaute :Your host is bitcoin.uk.eu.dal.net, running version bahamut-2.2.2
>> :bitcoin.uk.eu.dal.net 003 octonaute :This server was created Sat 8 Oct 2022 at 14:41:03 BST
>> :bitcoin.uk.eu.dal.net 004 octonaute bitcoin.uk.eu.dal.net bahamut-2.2.2 aAbcCdefFghHiIjkKmnoOPrRsSwxXy AbceiIjklLmMnoOpPrRsStv beIjklov
>> :bitcoin.uk.eu.dal.net 005 octonaute NETWORK=DALnet SAFELIST MAXBANS=200 MAXCHANNELS=50 CHANNELLEN=32 KICKLEN=307 NICKLEN=30 TOPICLEN=307 MODES=6 CHANTYPES=# CHANLIMIT=#:50 PREFIX=(ohv)@%+ STATUSMSG=@%+ :are available on this server
>> :bitcoin.uk.eu.dal.net 005 octonaute CASEMAPPING=ascii WATCH=128 SILENCE=10 ELIST=cmntu EXCEPTS INVEX CHANMODES=beI,k,jl,ciPAmMnOprRsSt MAXLIST=b:200,e:100,I:100 TARGMAX=DCCALLOW:,JOIN:,KICK:4,KILL:20,NOTICE:20,PART:,PRIVMSG:20,WHOIS:,WHOWAS: :are available on this server
>> :bitcoin.uk.eu.dal.net 251 octonaute :There are 70 users and 7303 invisible on 36 servers
>> :bitcoin.uk.eu.dal.net 252 octonaute 74 :IRC Operators online
>> :bitcoin.uk.eu.dal.net 254 octonaute 3586 :channels formed
>> :bitcoin.uk.eu.dal.net 255 octonaute :I have 280 clients and 1 servers
>> :bitcoin.uk.eu.dal.net 265 octonaute :Current local users: 280 Max: 4001
>> :bitcoin.uk.eu.dal.net 266 octonaute :Current global users: 7373 Max: 12809
>> :bitcoin.uk.eu.dal.net NOTICE octonaute :*** Notice -- motd was last changed at 9/11/2017 12:51
>> :bitcoin.uk.eu.dal.net 375 octonaute :- bitcoin.uk.eu.dal.net Message of the Day - 
>> :bitcoin.uk.eu.dal.net 372 octonaute :-9/11/2017 12:51
>> :bitcoin.uk.eu.dal.net 372 octonaute :-                 [ bitcoin.uk.eu.dal.net    ]
>> :bitcoin.uk.eu.dal.net 372 octonaute :- 
>> :bitcoin.uk.eu.dal.net 372 octonaute :-                 [ Accessible via...        ]
>> :bitcoin.uk.eu.dal.net 372 octonaute :-                 [ ipv4: bitcoin.dal.net    ]
>> :bitcoin.uk.eu.dal.net 372 octonaute :- 
>> :bitcoin.uk.eu.dal.net 372 octonaute :- Thank you to Private Internet Access (https://www.privateinternetaccess.com) 
>> :bitcoin.uk.eu.dal.net 372 octonaute :- for sponsoring this server.
>> :bitcoin.uk.eu.dal.net 372 octonaute :- 
>> :bitcoin.uk.eu.dal.net 372 octonaute :- Welcome to DALnet!  By connecting to this network, you agree to abide
>> :bitcoin.uk.eu.dal.net 372 octonaute :- by its acceptable use policy, available here: http://www.dal.net/aup
>> :bitcoin.uk.eu.dal.net 372 octonaute :- 
>> :bitcoin.uk.eu.dal.net 372 octonaute :- Server Policies:
>> :bitcoin.uk.eu.dal.net 372 octonaute :- 
>> :bitcoin.uk.eu.dal.net 372 octonaute :-    *   We reserve the right to deny access to this server without
>> :bitcoin.uk.eu.dal.net 372 octonaute :-        warning or explanation
>> :bitcoin.uk.eu.dal.net 372 octonaute :-    *   No malicious bots, including flood and nick/channel chasers
>> :bitcoin.uk.eu.dal.net 372 octonaute :-    *   No channel filler bots/clients/psybncs
>> :bitcoin.uk.eu.dal.net 372 octonaute :-          - A channel filler is a client, bnc, or bot which is
>> :bitcoin.uk.eu.dal.net 372 octonaute :-            connected just to fill a channel and make it look
>> :bitcoin.uk.eu.dal.net 372 octonaute :-            bigger
>> :bitcoin.uk.eu.dal.net 372 octonaute :-    *   Operator impersonation, spamming, or any other abuse will
>> :bitcoin.uk.eu.dal.net 372 octonaute :-        cause you to be banned from this server
>> :bitcoin.uk.eu.dal.net 372 octonaute :-    *   Abide by DALnet's AUP (www.dal.net/aup)
>> :bitcoin.uk.eu.dal.net 372 octonaute :-    *   Please have fun and enjoy DALnet!
>> :bitcoin.uk.eu.dal.net 372 octonaute :- 
>> :bitcoin.uk.eu.dal.net 372 octonaute :- Server Administrator: tyler
>> :bitcoin.uk.eu.dal.net 372 octonaute :- 
>> :bitcoin.uk.eu.dal.net 372 octonaute :- Thank you to Private Internet Access (https://www.privateinternetaccess.com) for sponsori
>> :bitcoin.uk.eu.dal.net 372 octonaute :- ng this server.
>> :bitcoin.uk.eu.dal.net 372 octonaute :- 
>> :bitcoin.uk.eu.dal.net 372 octonaute :- For IRCop assistance, please /join #operhelp or message one of our
>> :bitcoin.uk.eu.dal.net 372 octonaute :- friendly server staff listed above.
>> :bitcoin.uk.eu.dal.net 372 octonaute :- 
>> :bitcoin.uk.eu.dal.net 372 octonaute :- For multilingual information:  <http://docs.dal.net/>
>> :bitcoin.uk.eu.dal.net 372 octonaute :- 
>> :bitcoin.uk.eu.dal.net 372 octonaute :- Thank you for using DALnet!  We hope you have a pleasant day.
>> :bitcoin.uk.eu.dal.net 376 octonaute :End of /MOTD command.
>> :octonaute MODE octonaute :+iH
<< PING bitcoin.uk.eu.dal.net
>> :bitcoin.uk.eu.dal.net PONG bitcoin.uk.eu.dal.net :octonaute
--> lag pong
<< NICK sender
>> :octonaute!~octonaute@be2-9d81-913b-ca94-9430.67.37.ip NICK :sender
<< PING bitcoin.uk.eu.dal.net
>> :bitcoin.uk.eu.dal.net PONG bitcoin.uk.eu.dal.net :sender
--> lag pong
<< PRIVMSG receiver :testmessage
<< PING bitcoin.uk.eu.dal.net
>> :bitcoin.uk.eu.dal.net PONG bitcoin.uk.eu.dal.net :sender
--> lag pong
<< PING bitcoin.uk.eu.dal.net
>> :bitcoin.uk.eu.dal.net PONG bitcoin.uk.eu.dal.net :sender
--> lag pong
<< PING bitcoin.uk.eu.dal.net
>> :bitcoin.uk.eu.dal.net PONG bitcoin.uk.eu.dal.net :sender
--> lag pong
<< PING bitcoin.uk.eu.dal.net
>> :bitcoin.uk.eu.dal.net PONG bitcoin.uk.eu.dal.net :sender
--> lag pong
<< PING bitcoin.uk.eu.dal.net
>> :bitcoin.uk.eu.dal.net PONG bitcoin.uk.eu.dal.net :sender
--> lag pong
<< PING bitcoin.uk.eu.dal.net
>> :bitcoin.uk.eu.dal.net PONG bitcoin.uk.eu.dal.net :sender
--> lag pong
<< PING bitcoin.uk.eu.dal.net
>> :bitcoin.uk.eu.dal.net PONG bitcoin.uk.eu.dal.net :sender
--> lag pong
<< PING bitcoin.uk.eu.dal.net
>> :bitcoin.uk.eu.dal.net PONG bitcoin.uk.eu.dal.net :sender
--> lag pong
<< PING bitcoin.uk.eu.dal.net
>> :bitcoin.uk.eu.dal.net PONG bitcoin.uk.eu.dal.net :sender
--> lag pong
<< PING bitcoin.uk.eu.dal.net
>> :bitcoin.uk.eu.dal.net PONG bitcoin.uk.eu.dal.net :sender
--> lag pong
<< PING bitcoin.uk.eu.dal.net
>> :bitcoin.uk.eu.dal.net PONG bitcoin.uk.eu.dal.net :sender
--> lag pong
<< QUIT :leaving
