<< CAP LS
<< PASS hola
<< NICK octonaute
<< USER octonaute octonaute localhost :Octo
>> :!~@127.0.0.1 NICK :octonaute
>> :ircserv 001 octonaute :Welcome to the ircserv IRC Network octonaute!~octonaute@127.0.0.1
<< MODE octonaute +i
>> :ircserv 002 octonaute :Your host is ircserv, running version bahamut-2.2.2
>> :ircserv 003 octonaute :This server was created Tue Apr 30 2024 at 16:38:57 UTC
<< PING ircserv
>> PONG !
--> lag pong
<< NICK tibo
>> :octonaute!~octonaute@127.0.0.1 NICK :tibo
<< PRIVMSG lela :hey
<< PING ircserv
>> @127.0.0.1 401 tibolela:No such nick/channelPONG !
<< QUIT :leaving


<< CAP LS
<< PASS hola
<< NICK octonaute
<< USER octonaute octonaute localhost :Octo
>> :!~@127.0.0.1 NICK :octonaute
>> :ircserv 001 octonaute :Welcome to the ircserv IRC Network octonaute!~octonaute@127.0.0.1
<< MODE octonaute +i
>> :ircserv 002 octonaute :Your host is ircserv, running version bahamut-2.2.2
>> :ircserv 003 octonaute :This server was created Tue Apr 30 2024 at 16:38:57 UTC
<< PING ircserv
>> PONG !
--> lag pong
<< NICK tibo
>> :octonaute!~octonaute@127.0.0.1 NICK :tibo
<< PRIVMSG lela :salut
>> @127.0.0.1 401 tibo lela:No such nick/channel
<< QUIT :leaving


<< CAP LS
<< PASS hola
<< NICK octonaute
<< USER octonaute octonaute localhost :Octo
>> :!~@127.0.0.1 NICK :octonaute
>> :ircserv 001 octonaute :Welcome to the ircserv IRC Network octonaute!~octonaute@127.0.0.1
<< MODE octonaute +i
>> :ircserv 002 octonaute :Your host is ircserv, running version bahamut-2.2.2
>> :ircserv 003 octonaute :This server was created Tue Apr 30 2024 at 16:38:57 UTC
<< NICK tibo
>> :octonaute!~octonaute@127.0.0.1 NICK :tibo
<< PING ircserv
>> PONG !
--> lag pong
<< PRIVMSG lela :hola
>> @127.0.0.1 401 tibo lela :No such nick/channel
<< PING ircserv
>> PONG !
--> lag pong
<< PING ircserv
>> PONG !
--> lag pong
<< PING ircserv
>> PONG !
--> lag pong
<< PING ircserv
>> PONG !
--> lag pong
<< PING ircserv
>> PONG !
--> lag pong
<< PING ircserv
>> PONG !
--> lag pong
<< PING ircserv
>> PONG !
--> lag pong
<< PING ircserv
>> PONG !
--> lag pong
<< PING ircserv
>> PONG !
--> lag pong
<< PING ircserv
>> PONG !
--> lag pong
<< PING ircserv
>> PONG !
--> lag pong
<< PING ircserv
>> PONG !
--> lag pong
<< PING ircserv
>> PONG !
--> lag pong
<< PING ircserv
>> PONG !
--> lag pong
<< PING ircserv
>> PONG !
--> lag pong
<< PING ircserv
>> PONG !
--> lag pong
<< PING ircserv
>> PONG !
--> lag pong
<< PING ircserv
>> PONG !
--> lag pong
<< PING ircserv
>> PONG !
--> lag pong
<< PING ircserv
>> PONG !
--> lag pong
<< PING ircserv
>> PONG !
--> lag pong
<< PING ircserv
>> PONG !
--> lag pong
<< PING ircserv
>> PONG !
--> lag pong
<< PING ircserv
>> PONG !
--> lag pong
<< PING ircserv
>> PONG !
--> lag pong
<< PING ircserv
>> PONG !
--> lag pong
<< PING ircserv
>> PONG !
--> lag pong
<< PING ircserv
>> PONG !
--> lag pong
<< PING ircserv
>> PONG !
--> lag pong
<< PING ircserv
>> PONG !
--> lag pong
<< PING ircserv
>> PONG !
--> lag pong
<< PING ircserv
>> PONG !
--> lag pong
<< PING ircserv
>> PONG !
--> lag pong
<< PING ircserv
>> PONG !
--> lag pong
<< PING ircserv
>> PONG !
--> lag pong
<< PING ircserv
>> PONG !
--> lag pong
<< PING ircserv
>> PONG !
--> lag pong
<< QUIT :leaving
